<?xml version="1.0" encoding="UTF-8"?>
<!-- Generated by org.testng.reporters.JUnitXMLReporter -->
<testsuite hostname="LAPTOP-HHN7D2TC" ignored="4" name="Test" tests="4" failures="0" timestamp="2020-07-21T20:09:19 IST" time="36.907" errors="0">
  <testcase name="Rol" time="9.661" classname="com.ebanking.master.RoleNG"/>
  <testcase name="Rol" time="9.409" classname="com.ebanking.master.RoleNG"/>
  <testcase name="Rol" time="9.18" classname="com.ebanking.master.RoleNG"/>
  <testcase name="Br" time="6.695" classname="com.ebanking.master.BranchNg"/>
  <testcase name="@BeforeTest beforeTest" time="0.0" classname="com.ebanking.master.Base">
    <ignored/>
  </testcase> <!-- @BeforeTest beforeTest -->
  <testcase name="@AfterTest afterTest" time="0.0" classname="com.ebanking.master.Base">
    <ignored/>
  </testcase> <!-- @AfterTest afterTest -->
  <testcase name="@BeforeSuite beforeSuite" time="0.0" classname="com.ebanking.master.Base">
    <ignored/>
  </testcase> <!-- @BeforeSuite beforeSuite -->
  <testcase name="@AfterSuite afterSuite" time="0.0" classname="com.ebanking.master.Base">
    <ignored/>
  </testcase> <!-- @AfterSuite afterSuite -->
</testsuite> <!-- Test -->
